[INFO  - 2017-02-19T06:53:49.527Z] GhostDriver - Main - running on port 11356
[INFO  - 2017-02-19T06:53:49.770Z] Session [2ae2de60-f670-11e6-9994-931ee7622d6c] - page.settings - {"XSSAuditingEnabled":false,"javascriptCanCloseWindows":true,"javascriptCanOpenWindows":true,"javascriptEnabled":true,"loadImages":true,"localToRemoteUrlAccessEnabled":false,"userAgent":"Mozilla/5.0 (Unknown; Linux x86_64) AppleWebKit/534.34 (KHTML, like Gecko) PhantomJS/1.9.8 Safari/534.34","webSecurityEnabled":true}
[INFO  - 2017-02-19T06:53:49.770Z] Session [2ae2de60-f670-11e6-9994-931ee7622d6c] - page.customHeaders:  - {}
[INFO  - 2017-02-19T06:53:49.771Z] Session [2ae2de60-f670-11e6-9994-931ee7622d6c] - Session.negotiatedCapabilities - {"browserName":"phantomjs","version":"1.9.8","driverName":"ghostdriver","driverVersion":"1.1.0","platform":"linux-unknown-64bit","javascriptEnabled":true,"takesScreenshot":true,"handlesAlerts":false,"databaseEnabled":false,"locationContextEnabled":false,"applicationCacheEnabled":false,"browserConnectionEnabled":false,"cssSelectorsEnabled":true,"webStorageEnabled":false,"rotatable":false,"acceptSslCerts":false,"nativeEvents":true,"proxy":{"proxyType":"direct"}}
[INFO  - 2017-02-19T06:53:49.771Z] SessionManagerReqHand - _postNewSessionCommand - New Session Created: 2ae2de60-f670-11e6-9994-931ee7622d6c
[INFO  - 2017-02-19T06:55:23.651Z] GhostDriver - Main - running on port 22388
[INFO  - 2017-02-19T06:55:23.956Z] Session [63068300-f670-11e6-aee8-cfd68f606244] - page.settings - {"XSSAuditingEnabled":false,"javascriptCanCloseWindows":true,"javascriptCanOpenWindows":true,"javascriptEnabled":true,"loadImages":true,"localToRemoteUrlAccessEnabled":false,"userAgent":"Mozilla/5.0 (Unknown; Linux x86_64) AppleWebKit/534.34 (KHTML, like Gecko) PhantomJS/1.9.8 Safari/534.34","webSecurityEnabled":true}
[INFO  - 2017-02-19T06:55:23.956Z] Session [63068300-f670-11e6-aee8-cfd68f606244] - page.customHeaders:  - {}
[INFO  - 2017-02-19T06:55:23.956Z] Session [63068300-f670-11e6-aee8-cfd68f606244] - Session.negotiatedCapabilities - {"browserName":"phantomjs","version":"1.9.8","driverName":"ghostdriver","driverVersion":"1.1.0","platform":"linux-unknown-64bit","javascriptEnabled":true,"takesScreenshot":true,"handlesAlerts":false,"databaseEnabled":false,"locationContextEnabled":false,"applicationCacheEnabled":false,"browserConnectionEnabled":false,"cssSelectorsEnabled":true,"webStorageEnabled":false,"rotatable":false,"acceptSslCerts":false,"nativeEvents":true,"proxy":{"proxyType":"direct"}}
[INFO  - 2017-02-19T06:55:23.956Z] SessionManagerReqHand - _postNewSessionCommand - New Session Created: 63068300-f670-11e6-aee8-cfd68f606244
[INFO  - 2017-02-19T06:55:31.415Z] ShutdownReqHand - _handle - About to shutdown
[INFO  - 2017-02-19T06:55:31.554Z] GhostDriver - Main - running on port 7637
[INFO  - 2017-02-19T06:55:31.612Z] Session [6796e090-f670-11e6-9651-23c611ca98d2] - page.settings - {"XSSAuditingEnabled":false,"javascriptCanCloseWindows":true,"javascriptCanOpenWindows":true,"javascriptEnabled":true,"loadImages":true,"localToRemoteUrlAccessEnabled":false,"userAgent":"Mozilla/5.0 (Unknown; Linux x86_64) AppleWebKit/534.34 (KHTML, like Gecko) PhantomJS/1.9.8 Safari/534.34","webSecurityEnabled":true}
[INFO  - 2017-02-19T06:55:31.612Z] Session [6796e090-f670-11e6-9651-23c611ca98d2] - page.customHeaders:  - {}
[INFO  - 2017-02-19T06:55:31.612Z] Session [6796e090-f670-11e6-9651-23c611ca98d2] - Session.negotiatedCapabilities - {"browserName":"phantomjs","version":"1.9.8","driverName":"ghostdriver","driverVersion":"1.1.0","platform":"linux-unknown-64bit","javascriptEnabled":true,"takesScreenshot":true,"handlesAlerts":false,"databaseEnabled":false,"locationContextEnabled":false,"applicationCacheEnabled":false,"browserConnectionEnabled":false,"cssSelectorsEnabled":true,"webStorageEnabled":false,"rotatable":false,"acceptSslCerts":false,"nativeEvents":true,"proxy":{"proxyType":"direct"}}
[INFO  - 2017-02-19T06:55:31.612Z] SessionManagerReqHand - _postNewSessionCommand - New Session Created: 6796e090-f670-11e6-9651-23c611ca98d2
[INFO  - 2017-02-19T06:55:38.874Z] ShutdownReqHand - _handle - About to shutdown
[INFO  - 2017-02-19T06:55:58.992Z] GhostDriver - Main - running on port 4494
[INFO  - 2017-02-19T06:55:59.312Z] Session [7818cc80-f670-11e6-b7bc-156ea0508195] - page.settings - {"XSSAuditingEnabled":false,"javascriptCanCloseWindows":true,"javascriptCanOpenWindows":true,"javascriptEnabled":true,"loadImages":true,"localToRemoteUrlAccessEnabled":false,"userAgent":"Mozilla/5.0 (Unknown; Linux x86_64) AppleWebKit/534.34 (KHTML, like Gecko) PhantomJS/1.9.8 Safari/534.34","webSecurityEnabled":true}
[INFO  - 2017-02-19T06:55:59.313Z] Session [7818cc80-f670-11e6-b7bc-156ea0508195] - page.customHeaders:  - {}
[INFO  - 2017-02-19T06:55:59.314Z] Session [7818cc80-f670-11e6-b7bc-156ea0508195] - Session.negotiatedCapabilities - {"browserName":"phantomjs","version":"1.9.8","driverName":"ghostdriver","driverVersion":"1.1.0","platform":"linux-unknown-64bit","javascriptEnabled":true,"takesScreenshot":true,"handlesAlerts":false,"databaseEnabled":false,"locationContextEnabled":false,"applicationCacheEnabled":false,"browserConnectionEnabled":false,"cssSelectorsEnabled":true,"webStorageEnabled":false,"rotatable":false,"acceptSslCerts":false,"nativeEvents":true,"proxy":{"proxyType":"direct"}}
[INFO  - 2017-02-19T06:55:59.314Z] SessionManagerReqHand - _postNewSessionCommand - New Session Created: 7818cc80-f670-11e6-b7bc-156ea0508195
[INFO  - 2017-02-19T06:56:06.828Z] ShutdownReqHand - _handle - About to shutdown
[INFO  - 2017-02-19T06:57:33.708Z] GhostDriver - Main - running on port 25942
[INFO  - 2017-02-19T06:57:34.030Z] Session [b08e61b0-f670-11e6-8bed-7d94a6608332] - page.settings - {"XSSAuditingEnabled":false,"javascriptCanCloseWindows":true,"javascriptCanOpenWindows":true,"javascriptEnabled":true,"loadImages":true,"localToRemoteUrlAccessEnabled":false,"userAgent":"Mozilla/5.0 (Unknown; Linux x86_64) AppleWebKit/534.34 (KHTML, like Gecko) PhantomJS/1.9.8 Safari/534.34","webSecurityEnabled":true}
[INFO  - 2017-02-19T06:57:34.030Z] Session [b08e61b0-f670-11e6-8bed-7d94a6608332] - page.customHeaders:  - {}
[INFO  - 2017-02-19T06:57:34.030Z] Session [b08e61b0-f670-11e6-8bed-7d94a6608332] - Session.negotiatedCapabilities - {"browserName":"phantomjs","version":"1.9.8","driverName":"ghostdriver","driverVersion":"1.1.0","platform":"linux-unknown-64bit","javascriptEnabled":true,"takesScreenshot":true,"handlesAlerts":false,"databaseEnabled":false,"locationContextEnabled":false,"applicationCacheEnabled":false,"browserConnectionEnabled":false,"cssSelectorsEnabled":true,"webStorageEnabled":false,"rotatable":false,"acceptSslCerts":false,"nativeEvents":true,"proxy":{"proxyType":"direct"}}
[INFO  - 2017-02-19T06:57:34.030Z] SessionManagerReqHand - _postNewSessionCommand - New Session Created: b08e61b0-f670-11e6-8bed-7d94a6608332
[INFO  - 2017-02-19T06:57:41.568Z] ShutdownReqHand - _handle - About to shutdown
[INFO  - 2017-02-19T06:58:49.522Z] SessionManagerReqHand - _cleanupWindowlessSessions - Asynchronous Sessions clean-up phase starting NOW
[INFO  - 2017-02-19T06:59:57.372Z] GhostDriver - Main - running on port 10966
[INFO  - 2017-02-19T07:01:06.479Z] GhostDriver - Main - running on port 24119
[INFO  - 2017-02-19T07:01:06.802Z] Session [2f600ca0-f671-11e6-903f-21c7488b96b3] - page.settings - {"XSSAuditingEnabled":false,"javascriptCanCloseWindows":true,"javascriptCanOpenWindows":true,"javascriptEnabled":true,"loadImages":true,"localToRemoteUrlAccessEnabled":false,"userAgent":"Mozilla/5.0 (Unknown; Linux x86_64) AppleWebKit/534.34 (KHTML, like Gecko) PhantomJS/1.9.8 Safari/534.34","webSecurityEnabled":true}
[INFO  - 2017-02-19T07:01:06.803Z] Session [2f600ca0-f671-11e6-903f-21c7488b96b3] - page.customHeaders:  - {}
[INFO  - 2017-02-19T07:01:06.803Z] Session [2f600ca0-f671-11e6-903f-21c7488b96b3] - Session.negotiatedCapabilities - {"browserName":"phantomjs","version":"1.9.8","driverName":"ghostdriver","driverVersion":"1.1.0","platform":"linux-unknown-64bit","javascriptEnabled":true,"takesScreenshot":true,"handlesAlerts":false,"databaseEnabled":false,"locationContextEnabled":false,"applicationCacheEnabled":false,"browserConnectionEnabled":false,"cssSelectorsEnabled":true,"webStorageEnabled":false,"rotatable":false,"acceptSslCerts":false,"nativeEvents":true,"proxy":{"proxyType":"direct"}}
[INFO  - 2017-02-19T07:01:06.803Z] SessionManagerReqHand - _postNewSessionCommand - New Session Created: 2f600ca0-f671-11e6-903f-21c7488b96b3
[INFO  - 2017-02-19T07:01:10.113Z] ShutdownReqHand - _handle - About to shutdown
[INFO  - 2017-02-19T07:01:10.293Z] GhostDriver - Main - running on port 5616
[INFO  - 2017-02-19T07:01:10.357Z] Session [317f4320-f671-11e6-b054-5db02bb6806c] - page.settings - {"XSSAuditingEnabled":false,"javascriptCanCloseWindows":true,"javascriptCanOpenWindows":true,"javascriptEnabled":true,"loadImages":true,"localToRemoteUrlAccessEnabled":false,"userAgent":"Mozilla/5.0 (Unknown; Linux x86_64) AppleWebKit/534.34 (KHTML, like Gecko) PhantomJS/1.9.8 Safari/534.34","webSecurityEnabled":true}
[INFO  - 2017-02-19T07:01:10.357Z] Session [317f4320-f671-11e6-b054-5db02bb6806c] - page.customHeaders:  - {}
[INFO  - 2017-02-19T07:01:10.357Z] Session [317f4320-f671-11e6-b054-5db02bb6806c] - Session.negotiatedCapabilities - {"browserName":"phantomjs","version":"1.9.8","driverName":"ghostdriver","driverVersion":"1.1.0","platform":"linux-unknown-64bit","javascriptEnabled":true,"takesScreenshot":true,"handlesAlerts":false,"databaseEnabled":false,"locationContextEnabled":false,"applicationCacheEnabled":false,"browserConnectionEnabled":false,"cssSelectorsEnabled":true,"webStorageEnabled":false,"rotatable":false,"acceptSslCerts":false,"nativeEvents":true,"proxy":{"proxyType":"direct"}}
[INFO  - 2017-02-19T07:01:10.357Z] SessionManagerReqHand - _postNewSessionCommand - New Session Created: 317f4320-f671-11e6-b054-5db02bb6806c
[INFO  - 2017-02-19T07:01:12.415Z] ShutdownReqHand - _handle - About to shutdown
[INFO  - 2017-02-19T07:03:19.887Z] GhostDriver - Main - running on port 30011
[INFO  - 2017-02-19T07:03:20.066Z] Session [7ecf21e0-f671-11e6-973d-0fe4ef4c324e] - page.settings - {"XSSAuditingEnabled":false,"javascriptCanCloseWindows":true,"javascriptCanOpenWindows":true,"javascriptEnabled":true,"loadImages":true,"localToRemoteUrlAccessEnabled":false,"userAgent":"Mozilla/5.0 (Unknown; Linux x86_64) AppleWebKit/534.34 (KHTML, like Gecko) PhantomJS/1.9.8 Safari/534.34","webSecurityEnabled":true}
[INFO  - 2017-02-19T07:03:20.066Z] Session [7ecf21e0-f671-11e6-973d-0fe4ef4c324e] - page.customHeaders:  - {}
[INFO  - 2017-02-19T07:03:20.066Z] Session [7ecf21e0-f671-11e6-973d-0fe4ef4c324e] - Session.negotiatedCapabilities - {"browserName":"phantomjs","version":"1.9.8","driverName":"ghostdriver","driverVersion":"1.1.0","platform":"linux-unknown-64bit","javascriptEnabled":true,"takesScreenshot":true,"handlesAlerts":false,"databaseEnabled":false,"locationContextEnabled":false,"applicationCacheEnabled":false,"browserConnectionEnabled":false,"cssSelectorsEnabled":true,"webStorageEnabled":false,"rotatable":false,"acceptSslCerts":false,"nativeEvents":true,"proxy":{"proxyType":"direct"}}
[INFO  - 2017-02-19T07:03:20.066Z] SessionManagerReqHand - _postNewSessionCommand - New Session Created: 7ecf21e0-f671-11e6-973d-0fe4ef4c324e
[INFO  - 2017-02-19T07:03:23.745Z] ShutdownReqHand - _handle - About to shutdown
[INFO  - 2017-02-19T07:03:23.884Z] GhostDriver - Main - running on port 17943
[INFO  - 2017-02-19T07:03:23.943Z] Session [811ede40-f671-11e6-82d0-051828ac2ec1] - page.settings - {"XSSAuditingEnabled":false,"javascriptCanCloseWindows":true,"javascriptCanOpenWindows":true,"javascriptEnabled":true,"loadImages":true,"localToRemoteUrlAccessEnabled":false,"userAgent":"Mozilla/5.0 (Unknown; Linux x86_64) AppleWebKit/534.34 (KHTML, like Gecko) PhantomJS/1.9.8 Safari/534.34","webSecurityEnabled":true}
[INFO  - 2017-02-19T07:03:23.943Z] Session [811ede40-f671-11e6-82d0-051828ac2ec1] - page.customHeaders:  - {}
[INFO  - 2017-02-19T07:03:23.943Z] Session [811ede40-f671-11e6-82d0-051828ac2ec1] - Session.negotiatedCapabilities - {"browserName":"phantomjs","version":"1.9.8","driverName":"ghostdriver","driverVersion":"1.1.0","platform":"linux-unknown-64bit","javascriptEnabled":true,"takesScreenshot":true,"handlesAlerts":false,"databaseEnabled":false,"locationContextEnabled":false,"applicationCacheEnabled":false,"browserConnectionEnabled":false,"cssSelectorsEnabled":true,"webStorageEnabled":false,"rotatable":false,"acceptSslCerts":false,"nativeEvents":true,"proxy":{"proxyType":"direct"}}
[INFO  - 2017-02-19T07:03:23.943Z] SessionManagerReqHand - _postNewSessionCommand - New Session Created: 811ede40-f671-11e6-82d0-051828ac2ec1
[INFO  - 2017-02-19T07:03:26.325Z] ShutdownReqHand - _handle - About to shutdown
[INFO  - 2017-02-19T07:03:49.522Z] SessionManagerReqHand - _cleanupWindowlessSessions - Asynchronous Sessions clean-up phase starting NOW
[INFO  - 2017-02-19T07:08:49.522Z] SessionManagerReqHand - _cleanupWindowlessSessions - Asynchronous Sessions clean-up phase starting NOW
[INFO  - 2017-02-19T07:13:49.522Z] SessionManagerReqHand - _cleanupWindowlessSessions - Asynchronous Sessions clean-up phase starting NOW
[INFO  - 2017-02-19T07:18:49.522Z] SessionManagerReqHand - _cleanupWindowlessSessions - Asynchronous Sessions clean-up phase starting NOW
[INFO  - 2017-02-19T07:23:49.522Z] SessionManagerReqHand - _cleanupWindowlessSessions - Asynchronous Sessions clean-up phase starting NOW
[INFO  - 2017-02-19T07:28:49.522Z] SessionManagerReqHand - _cleanupWindowlessSessions - Asynchronous Sessions clean-up phase starting NOW
[INFO  - 2017-02-19T07:33:49.522Z] SessionManagerReqHand - _cleanupWindowlessSessions - Asynchronous Sessions clean-up phase starting NOW
[INFO  - 2017-02-19T07:38:49.522Z] SessionManagerReqHand - _cleanupWindowlessSessions - Asynchronous Sessions clean-up phase starting NOW
[INFO  - 2017-02-19T07:43:49.522Z] SessionManagerReqHand - _cleanupWindowlessSessions - Asynchronous Sessions clean-up phase starting NOW
[INFO  - 2017-02-19T07:48:49.522Z] SessionManagerReqHand - _cleanupWindowlessSessions - Asynchronous Sessions clean-up phase starting NOW
[INFO  - 2017-02-19T07:53:49.522Z] SessionManagerReqHand - _cleanupWindowlessSessions - Asynchronous Sessions clean-up phase starting NOW
[INFO  - 2017-02-19T07:58:49.522Z] SessionManagerReqHand - _cleanupWindowlessSessions - Asynchronous Sessions clean-up phase starting NOW
[INFO  - 2017-02-19T08:03:49.522Z] SessionManagerReqHand - _cleanupWindowlessSessions - Asynchronous Sessions clean-up phase starting NOW
[INFO  - 2017-02-19T08:08:49.522Z] SessionManagerReqHand - _cleanupWindowlessSessions - Asynchronous Sessions clean-up phase starting NOW
[INFO  - 2017-02-19T08:13:49.522Z] SessionManagerReqHand - _cleanupWindowlessSessions - Asynchronous Sessions clean-up phase starting NOW
[INFO  - 2017-02-19T08:18:49.522Z] SessionManagerReqHand - _cleanupWindowlessSessions - Asynchronous Sessions clean-up phase starting NOW
[INFO  - 2017-02-19T08:23:49.522Z] SessionManagerReqHand - _cleanupWindowlessSessions - Asynchronous Sessions clean-up phase starting NOW
[INFO  - 2017-02-19T08:28:49.522Z] SessionManagerReqHand - _cleanupWindowlessSessions - Asynchronous Sessions clean-up phase starting NOW
[INFO  - 2017-02-19T08:33:49.522Z] SessionManagerReqHand - _cleanupWindowlessSessions - Asynchronous Sessions clean-up phase starting NOW
[INFO  - 2017-02-19T08:38:49.522Z] SessionManagerReqHand - _cleanupWindowlessSessions - Asynchronous Sessions clean-up phase starting NOW
[INFO  - 2017-02-19T08:43:49.523Z] SessionManagerReqHand - _cleanupWindowlessSessions - Asynchronous Sessions clean-up phase starting NOW
[INFO  - 2017-02-19T08:48:49.523Z] SessionManagerReqHand - _cleanupWindowlessSessions - Asynchronous Sessions clean-up phase starting NOW
[INFO  - 2017-02-19T08:53:49.522Z] SessionManagerReqHand - _cleanupWindowlessSessions - Asynchronous Sessions clean-up phase starting NOW
[INFO  - 2017-02-19T08:58:49.522Z] SessionManagerReqHand - _cleanupWindowlessSessions - Asynchronous Sessions clean-up phase starting NOW
[INFO  - 2017-02-19T09:03:49.523Z] SessionManagerReqHand - _cleanupWindowlessSessions - Asynchronous Sessions clean-up phase starting NOW
[INFO  - 2017-02-19T09:08:49.523Z] SessionManagerReqHand - _cleanupWindowlessSessions - Asynchronous Sessions clean-up phase starting NOW
[INFO  - 2017-02-19T09:13:49.523Z] SessionManagerReqHand - _cleanupWindowlessSessions - Asynchronous Sessions clean-up phase starting NOW
[INFO  - 2017-02-19T09:18:49.523Z] SessionManagerReqHand - _cleanupWindowlessSessions - Asynchronous Sessions clean-up phase starting NOW
[INFO  - 2017-02-19T09:23:49.523Z] SessionManagerReqHand - _cleanupWindowlessSessions - Asynchronous Sessions clean-up phase starting NOW
[INFO  - 2017-02-19T09:28:49.523Z] SessionManagerReqHand - _cleanupWindowlessSessions - Asynchronous Sessions clean-up phase starting NOW
[INFO  - 2017-02-19T09:33:49.523Z] SessionManagerReqHand - _cleanupWindowlessSessions - Asynchronous Sessions clean-up phase starting NOW
[INFO  - 2017-02-19T09:38:49.523Z] SessionManagerReqHand - _cleanupWindowlessSessions - Asynchronous Sessions clean-up phase starting NOW
[INFO  - 2017-02-19T09:43:49.523Z] SessionManagerReqHand - _cleanupWindowlessSessions - Asynchronous Sessions clean-up phase starting NOW
[INFO  - 2017-02-19T09:48:49.523Z] SessionManagerReqHand - _cleanupWindowlessSessions - Asynchronous Sessions clean-up phase starting NOW
[INFO  - 2017-02-19T09:53:49.523Z] SessionManagerReqHand - _cleanupWindowlessSessions - Asynchronous Sessions clean-up phase starting NOW
[INFO  - 2017-02-19T09:58:49.523Z] SessionManagerReqHand - _cleanupWindowlessSessions - Asynchronous Sessions clean-up phase starting NOW
[INFO  - 2017-02-19T11:01:11.149Z] SessionManagerReqHand - _cleanupWindowlessSessions - Asynchronous Sessions clean-up phase starting NOW
[INFO  - 2017-02-19T11:29:43.140Z] SessionManagerReqHand - _cleanupWindowlessSessions - Asynchronous Sessions clean-up phase starting NOW
